2023-04-21 13:57:37.143 +07:00 [INF] Now listening on: https://localhost:7070
2023-04-21 13:57:37.187 +07:00 [INF] Now listening on: http://localhost:7000
2023-04-21 13:57:37.194 +07:00 [INF] Application started. Press Ctrl+C to shut down.
2023-04-21 13:57:37.196 +07:00 [INF] Hosting environment: Development
2023-04-21 13:57:37.197 +07:00 [INF] Content root path: D:\UpSkill\IDX Partners\Task\CustomerApi\CustomerApi\
2023-04-21 13:57:38.899 +07:00 [INF] Application is shutting down...
2023-04-21 13:57:50.357 +07:00 [INF] Now listening on: https://localhost:7070
2023-04-21 13:57:50.404 +07:00 [INF] Now listening on: http://localhost:7000
2023-04-21 13:57:50.413 +07:00 [INF] Application started. Press Ctrl+C to shut down.
2023-04-21 13:57:50.415 +07:00 [INF] Hosting environment: Development
2023-04-21 13:57:50.416 +07:00 [INF] Content root path: D:\UpSkill\IDX Partners\Task\CustomerApi\CustomerApi\
2023-04-21 13:57:50.795 +07:00 [INF] Request starting HTTP/2 GET https://localhost:7070/swagger - -
2023-04-21 13:57:50.877 +07:00 [INF] Request finished HTTP/2 GET https://localhost:7070/swagger - - - 301 0 - 86.0453ms
2023-04-21 13:57:50.890 +07:00 [INF] Request starting HTTP/2 GET https://localhost:7070/swagger/index.html - -
2023-04-21 13:57:51.161 +07:00 [INF] Request finished HTTP/2 GET https://localhost:7070/swagger/index.html - - - 200 - text/html;charset=utf-8 271.0661ms
2023-04-21 13:57:51.199 +07:00 [INF] Request starting HTTP/2 GET https://localhost:7070/swagger/swagger-ui.css - -
2023-04-21 13:57:51.230 +07:00 [INF] Sending file. Request path: '/swagger-ui.css'. Physical path: 'N/A'
2023-04-21 13:57:51.247 +07:00 [INF] Request finished HTTP/2 GET https://localhost:7070/swagger/swagger-ui.css - - - 0 143632 text/css 48.3331ms
2023-04-21 13:57:51.581 +07:00 [INF] Request starting HTTP/2 GET https://localhost:7070/swagger/v1/swagger.json - -
2023-04-21 13:57:51.757 +07:00 [INF] Request finished HTTP/2 GET https://localhost:7070/swagger/v1/swagger.json - - - 200 - application/json;charset=utf-8 176.2820ms
2023-04-21 13:57:58.580 +07:00 [INF] Request starting HTTP/2 GET https://localhost:7070/api/customers - -
2023-04-21 13:57:58.601 +07:00 [INF] Executing endpoint 'CustomerApi.Controllers.CustomerController.FindAllCustomers (CustomerApi)'
2023-04-21 13:57:58.662 +07:00 [INF] Route matched with {action = "FindAllCustomers", controller = "Customer"}. Executing controller action with signature System.Threading.Tasks.Task`1[Microsoft.AspNetCore.Mvc.IActionResult] FindAllCustomers(System.String) on controller CustomerApi.Controllers.CustomerController (CustomerApi).
2023-04-21 13:57:58.893 +07:00 [INF] Find All Customer
2023-04-21 13:58:01.006 +07:00 [INF] Executed DbCommand (122ms) [Parameters=[], CommandType='"Text"', CommandTimeout='30']
SELECT m.id, m.email, m.first_name, m.address, m.last_name
FROM m_customer AS m
ORDER BY m.id
2023-04-21 13:58:01.236 +07:00 [INF] Executing OkObjectResult, writing value of type 'System.Collections.Generic.List`1[[CustomerApi.Entities.Customer, CustomerApi, Version=1.0.0.0, Culture=neutral, PublicKeyToken=null]]'.
2023-04-21 13:58:01.286 +07:00 [INF] Executed action CustomerApi.Controllers.CustomerController.FindAllCustomers (CustomerApi) in 2607.7681ms
2023-04-21 13:58:01.291 +07:00 [INF] Executed endpoint 'CustomerApi.Controllers.CustomerController.FindAllCustomers (CustomerApi)'
2023-04-21 13:58:01.319 +07:00 [INF] Request finished HTTP/2 GET https://localhost:7070/api/customers - - - 200 - application/json;+charset=utf-8 2739.9939ms
2023-04-21 13:58:06.230 +07:00 [INF] Application is shutting down...
